生成启动时间为 2014/4/20 20:53:58。
     1>项目“D:\程序集合\蒙特卡洛随机图\MonterCarlo\MonterCarlo\MonterCarlo.vcxproj”在节点 2 上(build 个目标)。
     1>PrepareForBuild:
         正在创建目录“D:\程序集合\蒙特卡洛随机图\MonterCarlo\Release\”。
       InitializeBuildStatus:
         正在创建“Release\MonterCarlo.unsuccessfulbuild”，因为已指定“AlwaysCreate”。
       ClCompile:
         D:\Program Files\VS2010\VC\bin\CL.exe /c /Zi /nologo /W3 /WX- /O2 /Oi /Oy- /GL /D _MBCS /Gm- /EHsc /MD /GS /Gy /fp:precise /Zc:wchar_t /Zc:forScope /Fo"Release\\" /Fd"Release\vc100.pdb" /Gd /TP /analyze- /errorReport:prompt main.cpp MonteCarlo.cpp
         main.cpp
         MonteCarlo.cpp
     1>MonteCarlo.cpp(62): warning C4244: “初始化”: 从“double”转换到“int”，可能丢失数据
       Link:
         D:\Program Files\VS2010\VC\bin\link.exe /ERRORREPORT:PROMPT /OUT:"D:\程序集合\蒙特卡洛随机图\MonterCarlo\Release\MonterCarlo.exe" /NOLOGO kernel32.lib user32.lib gdi32.lib winspool.lib comdlg32.lib advapi32.lib shell32.lib ole32.lib oleaut32.lib uuid.lib odbc32.lib odbccp32.lib /MANIFEST /ManifestFile:"Release\MonterCarlo.exe.intermediate.manifest" /MANIFESTUAC:"level='asInvoker' uiAccess='false'" /DEBUG /PDB:"D:\程序集合\蒙特卡洛随机图\MonterCarlo\Release\MonterCarlo.pdb" /OPT:REF /OPT:ICF /LTCG /TLBID:1 /DYNAMICBASE /NXCOMPAT /IMPLIB:"D:\程序集合\蒙特卡洛随机图\MonterCarlo\Release\MonterCarlo.lib" /MACHINE:X86 Release\main.obj
         Release\MonteCarlo.obj
         正在生成代码
         已完成代码的生成
         MonterCarlo.vcxproj -> D:\程序集合\蒙特卡洛随机图\MonterCarlo\Release\MonterCarlo.exe
       Manifest:
         C:\Program Files (x86)\Microsoft SDKs\Windows\v7.0A\bin\mt.exe /nologo /verbose /outputresource:"D:\程序集合\蒙特卡洛随机图\MonterCarlo\Release\MonterCarlo.exe;#1" /manifest Release\MonterCarlo.exe.intermediate.manifest
       FinalizeBuildStatus:
         正在删除文件“Release\MonterCarlo.unsuccessfulbuild”。
         正在对“Release\MonterCarlo.lastbuildstate”执行 Touch 任务。
     1>已完成生成项目“D:\程序集合\蒙特卡洛随机图\MonterCarlo\MonterCarlo\MonterCarlo.vcxproj”(build 个目标)的操作。

生成成功。

已用时间 00:00:03.21
